<?xml version="1.0" encoding="UTF-8"?>
<!-- Generated by org.testng.reporters.JUnitReportReporter -->
<testsuite hostname="LAPTOP-5QTLE0E8" failures="0" tests="6" name="com.Goibibo_Summer.GoibiboRunner" time="24.069" errors="0" timestamp="2023-05-30T22:25:01 IST" skipped="0">
  <testcase classname="com.Goibibo_Summer.GoibiboRunner" name="ApplicationLaunch" time="5.293"/>
  <system-out/>
  <testcase classname="com.Goibibo_Summer.GoibiboRunner" name="orgin" time="0.729"/>
  <system-out/>
  <testcase classname="com.Goibibo_Summer.GoibiboRunner" name="destination" time="0.543"/>
  <system-out/>
  <testcase classname="com.Goibibo_Summer.GoibiboRunner" name="dataOfJourny" time="0.382"/>
  <system-out/>
  <testcase classname="com.Goibibo_Summer.GoibiboRunner" name="classOfJourny" time="0.634"/>
  <system-out/>
  <testcase classname="com.Goibibo_Summer.GoibiboRunner" name="searchForFlights" time="16.488"/>
  <system-out/>
</testsuite> <!-- com.Goibibo_Summer.GoibiboRunner -->
